17:17:17.587 INFO - Selenium build info: version: '3.3.1', revision: '5234b32'
17:17:17.587 INFO - Launching a standalone Selenium Server
2017-04-19 17:17:17.605:INFO::main: Logging initialized @261ms to org.seleniumhq.jetty9.util.log.StdErrLog
17:17:17.659 INFO - Driver provider org.openqa.selenium.ie.InternetExplorerDriver registration is skipped:
 registration capabilities Capabilities [{ensureCleanSession=true, browserName=internet explorer, version=, platform=WINDOWS}] does not match the current platform MAC
17:17:17.659 INFO - Driver provider org.openqa.selenium.edge.EdgeDriver registration is skipped:
 registration capabilities Capabilities [{browserName=MicrosoftEdge, version=, platform=WINDOWS}] does not match the current platform MAC
17:17:17.660 INFO - Driver class not found: com.opera.core.systems.OperaDriver
17:17:17.660 INFO - Driver provider com.opera.core.systems.OperaDriver registration is skipped:
Unable to create new instances on this machine.
17:17:17.660 INFO - Driver class not found: com.opera.core.systems.OperaDriver
17:17:17.660 INFO - Driver provider com.opera.core.systems.OperaDriver is not registered
2017-04-19 17:17:17.704:INFO:osjs.Server:main: jetty-9.2.20.v20161216
2017-04-19 17:17:17.744:INFO:osjsh.ContextHandler:main: Started o.s.j.s.ServletContextHandler@604ed9f0{/,null,AVAILABLE}
2017-04-19 17:17:17.777:INFO:osjs.AbstractConnector:main: Started ServerConnector@5700d6b1{HTTP/1.1,[http/1.1]}{0.0.0.0:4444}
2017-04-19 17:17:17.778:INFO:osjs.Server:main: Started @434ms
17:17:17.778 INFO - Selenium Server is up and running
17:17:18.020 INFO - SessionCleaner initialized with insideBrowserTimeout 0 and clientGoneTimeout 1800000 polling every 180000
17:17:18.044 INFO - Executing: [new session: Capabilities [{acceptSslCerts=true, name=Rental Manager / 03 Other Listing / Delete Listing, browserName=chrome, javascriptEnabled=true, platform=ANY}]])
17:17:18.058 INFO - Creating a new session for Capabilities [{acceptSslCerts=true, name=Rental Manager / 03 Other Listing / Delete Listing, browserName=chrome, javascriptEnabled=true, platform=ANY}]
Starting ChromeDriver 2.28.455517 (2c6d2707d8ea850c862f04ac066724273981e88f) on port 29768
Only local connections are allowed.
17:17:19.137 INFO - Detected dialect: OSS
17:17:19.170 INFO - Done: [new session: Capabilities [{acceptSslCerts=true, name=Rental Manager / 03 Other Listing / Delete Listing, browserName=chrome, javascriptEnabled=true, platform=ANY}]]
17:17:19.194 INFO - Executing: [get: https://hotpads.com/login])
17:17:23.132 INFO - Done: [get: https://hotpads.com/login]
17:17:24.157 INFO - Executing: [find element: By.cssSelector: input[name=email]])
17:17:24.194 INFO - Done: [find element: By.cssSelector: input[name=email]]
17:17:24.203 INFO - Executing: [send keys: 0 [[ChromeDriver: chrome on MAC (24e864151fef949047b86eb6598ceba6)] -> css selector: input[name=email]], [v, -, k, e, v, i, n, w, o, @, h, o, t, p, a, d, s, ., c, o, m]])
17:17:24.409 INFO - Done: [send keys: 0 [[ChromeDriver: chrome on MAC (24e864151fef949047b86eb6598ceba6)] -> css selector: input[name=email]], [v, -, k, e, v, i, n, w, o, @, h, o, t, p, a, d, s, ., c, o, m]]
17:17:24.417 INFO - Executing: [find element: By.xpath: //button[contains(text(), "Continue")]])
17:17:24.439 INFO - Done: [find element: By.xpath: //button[contains(text(), "Continue")]]
17:17:24.443 INFO - Executing: [click: 1 [[ChromeDriver: chrome on MAC (24e864151fef949047b86eb6598ceba6)] -> xpath: //button[contains(text(), "Continue")]]])
17:17:24.508 INFO - Done: [click: 1 [[ChromeDriver: chrome on MAC (24e864151fef949047b86eb6598ceba6)] -> xpath: //button[contains(text(), "Continue")]]]
17:17:25.530 INFO - Executing: [find element: By.cssSelector: input[name=password]])
17:17:25.550 INFO - Done: [find element: By.cssSelector: input[name=password]]
17:17:25.559 INFO - Executing: [send keys: 2 [[ChromeDriver: chrome on MAC (24e864151fef949047b86eb6598ceba6)] -> css selector: input[name=password]], [Z, i, l, l, o, w, 1, 2, 3, !]])
17:17:25.685 INFO - Done: [send keys: 2 [[ChromeDriver: chrome on MAC (24e864151fef949047b86eb6598ceba6)] -> css selector: input[name=password]], [Z, i, l, l, o, w, 1, 2, 3, !]]
17:17:25.690 INFO - Executing: [find element: By.xpath: //button[contains(text(), "Sign in")]])
17:17:25.714 INFO - Done: [find element: By.xpath: //button[contains(text(), "Sign in")]]
17:17:25.719 INFO - Executing: [click: 3 [[ChromeDriver: chrome on MAC (24e864151fef949047b86eb6598ceba6)] -> xpath: //button[contains(text(), "Sign in")]]])
17:17:25.775 INFO - Done: [click: 3 [[ChromeDriver: chrome on MAC (24e864151fef949047b86eb6598ceba6)] -> xpath: //button[contains(text(), "Sign in")]]]
17:17:26.788 INFO - Executing: [get: https://hotpads.com/rental-manager/])
17:17:34.033 INFO - Done: [get: https://hotpads.com/rental-manager/]
17:17:34.041 INFO - Executing: [find element: By.xpath: //a[contains(text(), "Post to ")]])
17:17:34.062 INFO - Done: [find element: By.xpath: //a[contains(text(), "Post to ")]]
17:17:34.067 INFO - Executing: [click: 4 [[ChromeDriver: chrome on MAC (24e864151fef949047b86eb6598ceba6)] -> xpath: //a[contains(text(), "Post to ")]]])
17:17:34.189 INFO - Done: [click: 4 [[ChromeDriver: chrome on MAC (24e864151fef949047b86eb6598ceba6)] -> xpath: //a[contains(text(), "Post to ")]]]
17:17:35.206 INFO - Executing: [find element: By.xpath: //a[contains(text(), "here.")]])
17:17:35.226 INFO - Done: [find element: By.xpath: //a[contains(text(), "here.")]]
17:17:35.230 INFO - Executing: [click: 5 [[ChromeDriver: chrome on MAC (24e864151fef949047b86eb6598ceba6)] -> xpath: //a[contains(text(), "here.")]]])
17:17:38.810 INFO - Done: [click: 5 [[ChromeDriver: chrome on MAC (24e864151fef949047b86eb6598ceba6)] -> xpath: //a[contains(text(), "here.")]]]
17:17:39.823 INFO - Executing: [find elements: By.cssSelector: #listing-count])
17:17:39.855 INFO - Done: [find elements: By.cssSelector: #listing-count]
17:17:40.878 INFO - Executing: [find element: By.cssSelector: div[class=entryTitle]])
17:17:40.900 INFO - Done: [find element: By.cssSelector: div[class=entryTitle]]
17:17:40.905 INFO - Executing: [click: 7 [[ChromeDriver: chrome on MAC (24e864151fef949047b86eb6598ceba6)] -> css selector: div[class=entryTitle]]])
17:17:43.952 INFO - Done: [click: 7 [[ChromeDriver: chrome on MAC (24e864151fef949047b86eb6598ceba6)] -> css selector: div[class=entryTitle]]]
17:17:44.959 INFO - Executing: [find element: By.xpath: //a[contains(text(), "[ Delete listing ]")]])
17:17:45.000 INFO - Done: [find element: By.xpath: //a[contains(text(), "[ Delete listing ]")]]
17:17:45.005 INFO - Executing: [click: 8 [[ChromeDriver: chrome on MAC (24e864151fef949047b86eb6598ceba6)] -> xpath: //a[contains(text(), "[ Delete listing ]")]]])
17:17:45.097 INFO - Done: [click: 8 [[ChromeDriver: chrome on MAC (24e864151fef949047b86eb6598ceba6)] -> xpath: //a[contains(text(), "[ Delete listing ]")]]]
17:17:45.108 INFO - Executing: [find element: By.xpath: //button[contains(text(), "Yes")]])
17:17:45.159 INFO - Done: [find element: By.xpath: //button[contains(text(), "Yes")]]
17:17:45.170 INFO - Executing: [click: 9 [[ChromeDriver: chrome on MAC (24e864151fef949047b86eb6598ceba6)] -> xpath: //button[contains(text(), "Yes")]]])
17:17:45.248 INFO - Done: [click: 9 [[ChromeDriver: chrome on MAC (24e864151fef949047b86eb6598ceba6)] -> xpath: //button[contains(text(), "Yes")]]]
17:17:46.263 INFO - Executing: [find element: By.cssSelector: div[class=entryTitle]])
17:17:49.307 WARN - Exception thrown
org.openqa.selenium.NoSuchElementException: no such element: Unable to locate element: {"method":"css selector","selector":"div[class=entryTitle]"}
  (Session info: chrome=57.0.2987.133)
  (Driver info: chromedriver=2.28.455517 (2c6d2707d8ea850c862f04ac066724273981e88f),platform=Mac OS X 10.12.4 x86_64) (WARNING: The server did not provide any stacktrace information)
Command duration or timeout: 1.81 seconds
For documentation on this error, please visit: http://seleniumhq.org/exceptions/no_such_element.html
Build info: version: '3.3.1', revision: '5234b32', time: '2017-03-10 09:04:52 -0800'
System info: host: 'kevinwo01.local', ip: 'fe80:0:0:0:14e9:5c61:985:fcfd%en0', os.name: 'Mac OS X', os.arch: 'x86_64', os.version: '10.12.4', java.version: '1.8.0_102'
Driver info: org.openqa.selenium.chrome.ChromeDriver
Capabilities [{applicationCacheEnabled=false, rotatable=false, mobileEmulationEnabled=false, networkConnectionEnabled=false, chrome={chromedriverVersion=2.28.455517 (2c6d2707d8ea850c862f04ac066724273981e88f), userDataDir=/var/folders/cc/6fl2xwcd08bghq_l90t636s00000gq/T/.org.chromium.Chromium.vRAbw6}, takesHeapSnapshot=true, pageLoadStrategy=normal, databaseEnabled=false, handlesAlerts=true, hasTouchScreen=false, version=57.0.2987.133, platform=MAC, browserConnectionEnabled=false, nativeEvents=true, acceptSslCerts=true, locationContextEnabled=true, webStorageEnabled=true, browserName=chrome, takesScreenshot=true, javascriptEnabled=true, cssSelectorsEnabled=true, unexpectedAlertBehaviour=}]
Session ID: 24e864151fef949047b86eb6598ceba6
*** Element info: {Using=css selector, value=div[class=entryTitle]}
	at sun.reflect.NativeConstructorAccessorImpl.newInstance0(Native Method)
	at sun.reflect.NativeConstructorAccessorImpl.newInstance(NativeConstructorAccessorImpl.java:62)
	at sun.reflect.DelegatingConstructorAccessorImpl.newInstance(DelegatingConstructorAccessorImpl.java:45)
	at java.lang.reflect.Constructor.newInstance(Constructor.java:423)
	at org.openqa.selenium.remote.ErrorHandler.createThrowable(ErrorHandler.java:216)
	at org.openqa.selenium.remote.ErrorHandler.throwIfResponseFailed(ErrorHandler.java:168)
	at org.openqa.selenium.remote.RemoteWebDriver.execute(RemoteWebDriver.java:638)
	at org.openqa.selenium.remote.RemoteWebDriver.findElement(RemoteWebDriver.java:371)
	at org.openqa.selenium.remote.RemoteWebDriver.findElementByCssSelector(RemoteWebDriver.java:468)
	at org.openqa.selenium.By$ByCssSelector.findElement(By.java:430)
	at org.openqa.selenium.remote.RemoteWebDriver.findElement(RemoteWebDriver.java:363)
	at sun.reflect.NativeMethodAccessorImpl.invoke0(Native Method)
	at sun.reflect.NativeMethodAccessorImpl.invoke(NativeMethodAccessorImpl.java:62)
	at sun.reflect.DelegatingMethodAccessorImpl.invoke(DelegatingMethodAccessorImpl.java:43)
	at java.lang.reflect.Method.invoke(Method.java:498)
	at org.openqa.selenium.support.events.EventFiringWebDriver$2.invoke(EventFiringWebDriver.java:104)
	at com.sun.proxy.$Proxy4.findElement(Unknown Source)
	at org.openqa.selenium.support.events.EventFiringWebDriver.findElement(EventFiringWebDriver.java:188)
	at org.openqa.selenium.remote.server.handler.FindElement.call(FindElement.java:48)
	at org.openqa.selenium.remote.server.handler.FindElement.call(FindElement.java:33)
	at java.util.concurrent.FutureTask.run(FutureTask.java:266)
	at org.openqa.selenium.remote.server.DefaultSession$1.run(DefaultSession.java:176)
	at java.util.concurrent.ThreadPoolExecutor.runWorker(ThreadPoolExecutor.java:1142)
	at java.util.concurrent.ThreadPoolExecutor$Worker.run(ThreadPoolExecutor.java:617)
	at java.lang.Thread.run(Thread.java:745)
17:17:49.309 WARN - Exception: no such element: Unable to locate element: {"method":"css selector","selector":"div[class=entryTitle]"}
  (Session info: chrome=57.0.2987.133)
  (Driver info: chromedriver=2.28.455517 (2c6d2707d8ea850c862f04ac066724273981e88f),platform=Mac OS X 10.12.4 x86_64) (WARNING: The server did not provide any stacktrace information)
Command duration or timeout: 1.81 seconds
For documentation on this error, please visit: http://seleniumhq.org/exceptions/no_such_element.html
Build info: version: '3.3.1', revision: '5234b32', time: '2017-03-10 09:04:52 -0800'
System info: host: 'kevinwo01.local', ip: 'fe80:0:0:0:14e9:5c61:985:fcfd%en0', os.name: 'Mac OS X', os.arch: 'x86_64', os.version: '10.12.4', java.version: '1.8.0_102'
Driver info: org.openqa.selenium.chrome.ChromeDriver
Capabilities [{applicationCacheEnabled=false, rotatable=false, mobileEmulationEnabled=false, networkConnectionEnabled=false, chrome={chromedriverVersion=2.28.455517 (2c6d2707d8ea850c862f04ac066724273981e88f), userDataDir=/var/folders/cc/6fl2xwcd08bghq_l90t636s00000gq/T/.org.chromium.Chromium.vRAbw6}, takesHeapSnapshot=true, pageLoadStrategy=normal, databaseEnabled=false, handlesAlerts=true, hasTouchScreen=false, version=57.0.2987.133, platform=MAC, browserConnectionEnabled=false, nativeEvents=true, acceptSslCerts=true, locationContextEnabled=true, webStorageEnabled=true, browserName=chrome, takesScreenshot=true, javascriptEnabled=true, cssSelectorsEnabled=true, unexpectedAlertBehaviour=}]
Session ID: 24e864151fef949047b86eb6598ceba6
*** Element info: {Using=css selector, value=div[class=entryTitle]}
17:17:50.443 INFO - Executing: [find element: By.xpath: //a[contains(text(), "[ Delete listing ]")]])
17:17:51.220 WARN - Exception thrown
org.openqa.selenium.NoSuchElementException: no such element: Unable to locate element: {"method":"xpath","selector":"//a[contains(text(), "[ Delete listing ]")]"}
  (Session info: chrome=57.0.2987.133)
  (Driver info: chromedriver=2.28.455517 (2c6d2707d8ea850c862f04ac066724273981e88f),platform=Mac OS X 10.12.4 x86_64) (WARNING: The server did not provide any stacktrace information)
Command duration or timeout: 12 milliseconds
For documentation on this error, please visit: http://seleniumhq.org/exceptions/no_such_element.html
Build info: version: '3.3.1', revision: '5234b32', time: '2017-03-10 09:04:52 -0800'
System info: host: 'kevinwo01.local', ip: 'fe80:0:0:0:14e9:5c61:985:fcfd%en0', os.name: 'Mac OS X', os.arch: 'x86_64', os.version: '10.12.4', java.version: '1.8.0_102'
Driver info: org.openqa.selenium.chrome.ChromeDriver
Capabilities [{applicationCacheEnabled=false, rotatable=false, mobileEmulationEnabled=false, networkConnectionEnabled=false, chrome={chromedriverVersion=2.28.455517 (2c6d2707d8ea850c862f04ac066724273981e88f), userDataDir=/var/folders/cc/6fl2xwcd08bghq_l90t636s00000gq/T/.org.chromium.Chromium.vRAbw6}, takesHeapSnapshot=true, pageLoadStrategy=normal, databaseEnabled=false, handlesAlerts=true, hasTouchScreen=false, version=57.0.2987.133, platform=MAC, browserConnectionEnabled=false, nativeEvents=true, acceptSslCerts=true, locationContextEnabled=true, webStorageEnabled=true, browserName=chrome, takesScreenshot=true, javascriptEnabled=true, cssSelectorsEnabled=true, unexpectedAlertBehaviour=}]
Session ID: 24e864151fef949047b86eb6598ceba6
*** Element info: {Using=xpath, value=//a[contains(text(), "[ Delete listing ]")]}
	at sun.reflect.NativeConstructorAccessorImpl.newInstance0(Native Method)
	at sun.reflect.NativeConstructorAccessorImpl.newInstance(NativeConstructorAccessorImpl.java:62)
	at sun.reflect.DelegatingConstructorAccessorImpl.newInstance(DelegatingConstructorAccessorImpl.java:45)
	at java.lang.reflect.Constructor.newInstance(Constructor.java:423)
	at org.openqa.selenium.remote.ErrorHandler.createThrowable(ErrorHandler.java:216)
	at org.openqa.selenium.remote.ErrorHandler.throwIfResponseFailed(ErrorHandler.java:168)
	at org.openqa.selenium.remote.RemoteWebDriver.execute(RemoteWebDriver.java:638)
	at org.openqa.selenium.remote.RemoteWebDriver.findElement(RemoteWebDriver.java:371)
	at org.openqa.selenium.remote.RemoteWebDriver.findElementByXPath(RemoteWebDriver.java:476)
	at org.openqa.selenium.By$ByXPath.findElement(By.java:361)
	at org.openqa.selenium.remote.RemoteWebDriver.findElement(RemoteWebDriver.java:363)
	at sun.reflect.NativeMethodAccessorImpl.invoke0(Native Method)
	at sun.reflect.NativeMethodAccessorImpl.invoke(NativeMethodAccessorImpl.java:62)
	at sun.reflect.DelegatingMethodAccessorImpl.invoke(DelegatingMethodAccessorImpl.java:43)
	at java.lang.reflect.Method.invoke(Method.java:498)
	at org.openqa.selenium.support.events.EventFiringWebDriver$2.invoke(EventFiringWebDriver.java:104)
	at com.sun.proxy.$Proxy4.findElement(Unknown Source)
	at org.openqa.selenium.support.events.EventFiringWebDriver.findElement(EventFiringWebDriver.java:188)
	at org.openqa.selenium.remote.server.handler.FindElement.call(FindElement.java:48)
	at org.openqa.selenium.remote.server.handler.FindElement.call(FindElement.java:33)
	at java.util.concurrent.FutureTask.run(FutureTask.java:266)
	at org.openqa.selenium.remote.server.DefaultSession$1.run(DefaultSession.java:176)
	at java.util.concurrent.ThreadPoolExecutor.runWorker(ThreadPoolExecutor.java:1142)
	at java.util.concurrent.ThreadPoolExecutor$Worker.run(ThreadPoolExecutor.java:617)
	at java.lang.Thread.run(Thread.java:745)
17:17:51.221 WARN - Exception: no such element: Unable to locate element: {"method":"xpath","selector":"//a[contains(text(), "[ Delete listing ]")]"}
  (Session info: chrome=57.0.2987.133)
  (Driver info: chromedriver=2.28.455517 (2c6d2707d8ea850c862f04ac066724273981e88f),platform=Mac OS X 10.12.4 x86_64) (WARNING: The server did not provide any stacktrace information)
Command duration or timeout: 12 milliseconds
For documentation on this error, please visit: http://seleniumhq.org/exceptions/no_such_element.html
Build info: version: '3.3.1', revision: '5234b32', time: '2017-03-10 09:04:52 -0800'
System info: host: 'kevinwo01.local', ip: 'fe80:0:0:0:14e9:5c61:985:fcfd%en0', os.name: 'Mac OS X', os.arch: 'x86_64', os.version: '10.12.4', java.version: '1.8.0_102'
Driver info: org.openqa.selenium.chrome.ChromeDriver
Capabilities [{applicationCacheEnabled=false, rotatable=false, mobileEmulationEnabled=false, networkConnectionEnabled=false, chrome={chromedriverVersion=2.28.455517 (2c6d2707d8ea850c862f04ac066724273981e88f), userDataDir=/var/folders/cc/6fl2xwcd08bghq_l90t636s00000gq/T/.org.chromium.Chromium.vRAbw6}, takesHeapSnapshot=true, pageLoadStrategy=normal, databaseEnabled=false, handlesAlerts=true, hasTouchScreen=false, version=57.0.2987.133, platform=MAC, browserConnectionEnabled=false, nativeEvents=true, acceptSslCerts=true, locationContextEnabled=true, webStorageEnabled=true, browserName=chrome, takesScreenshot=true, javascriptEnabled=true, cssSelectorsEnabled=true, unexpectedAlertBehaviour=}]
Session ID: 24e864151fef949047b86eb6598ceba6
*** Element info: {Using=xpath, value=//a[contains(text(), "[ Delete listing ]")]}
17:17:51.331 INFO - Executing: [find element: By.xpath: //button[contains(text(), "Yes")]])
17:17:52.144 WARN - Exception thrown
org.openqa.selenium.NoSuchElementException: no such element: Unable to locate element: {"method":"xpath","selector":"//button[contains(text(), "Yes")]"}
  (Session info: chrome=57.0.2987.133)
  (Driver info: chromedriver=2.28.455517 (2c6d2707d8ea850c862f04ac066724273981e88f),platform=Mac OS X 10.12.4 x86_64) (WARNING: The server did not provide any stacktrace information)
Command duration or timeout: 13 milliseconds
For documentation on this error, please visit: http://seleniumhq.org/exceptions/no_such_element.html
Build info: version: '3.3.1', revision: '5234b32', time: '2017-03-10 09:04:52 -0800'
System info: host: 'kevinwo01.local', ip: 'fe80:0:0:0:14e9:5c61:985:fcfd%en0', os.name: 'Mac OS X', os.arch: 'x86_64', os.version: '10.12.4', java.version: '1.8.0_102'
Driver info: org.openqa.selenium.chrome.ChromeDriver
Capabilities [{applicationCacheEnabled=false, rotatable=false, mobileEmulationEnabled=false, networkConnectionEnabled=false, chrome={chromedriverVersion=2.28.455517 (2c6d2707d8ea850c862f04ac066724273981e88f), userDataDir=/var/folders/cc/6fl2xwcd08bghq_l90t636s00000gq/T/.org.chromium.Chromium.vRAbw6}, takesHeapSnapshot=true, pageLoadStrategy=normal, databaseEnabled=false, handlesAlerts=true, hasTouchScreen=false, version=57.0.2987.133, platform=MAC, browserConnectionEnabled=false, nativeEvents=true, acceptSslCerts=true, locationContextEnabled=true, webStorageEnabled=true, browserName=chrome, takesScreenshot=true, javascriptEnabled=true, cssSelectorsEnabled=true, unexpectedAlertBehaviour=}]
Session ID: 24e864151fef949047b86eb6598ceba6
*** Element info: {Using=xpath, value=//button[contains(text(), "Yes")]}
	at sun.reflect.NativeConstructorAccessorImpl.newInstance0(Native Method)
	at sun.reflect.NativeConstructorAccessorImpl.newInstance(NativeConstructorAccessorImpl.java:62)
	at sun.reflect.DelegatingConstructorAccessorImpl.newInstance(DelegatingConstructorAccessorImpl.java:45)
	at java.lang.reflect.Constructor.newInstance(Constructor.java:423)
	at org.openqa.selenium.remote.ErrorHandler.createThrowable(ErrorHandler.java:216)
	at org.openqa.selenium.remote.ErrorHandler.throwIfResponseFailed(ErrorHandler.java:168)
	at org.openqa.selenium.remote.RemoteWebDriver.execute(RemoteWebDriver.java:638)
	at org.openqa.selenium.remote.RemoteWebDriver.findElement(RemoteWebDriver.java:371)
	at org.openqa.selenium.remote.RemoteWebDriver.findElementByXPath(RemoteWebDriver.java:476)
	at org.openqa.selenium.By$ByXPath.findElement(By.java:361)
	at org.openqa.selenium.remote.RemoteWebDriver.findElement(RemoteWebDriver.java:363)
	at sun.reflect.NativeMethodAccessorImpl.invoke0(Native Method)
	at sun.reflect.NativeMethodAccessorImpl.invoke(NativeMethodAccessorImpl.java:62)
	at sun.reflect.DelegatingMethodAccessorImpl.invoke(DelegatingMethodAccessorImpl.java:43)
	at java.lang.reflect.Method.invoke(Method.java:498)
	at org.openqa.selenium.support.events.EventFiringWebDriver$2.invoke(EventFiringWebDriver.java:104)
	at com.sun.proxy.$Proxy4.findElement(Unknown Source)
	at org.openqa.selenium.support.events.EventFiringWebDriver.findElement(EventFiringWebDriver.java:188)
	at org.openqa.selenium.remote.server.handler.FindElement.call(FindElement.java:48)
	at org.openqa.selenium.remote.server.handler.FindElement.call(FindElement.java:33)
	at java.util.concurrent.FutureTask.run(FutureTask.java:266)
	at org.openqa.selenium.remote.server.DefaultSession$1.run(DefaultSession.java:176)
	at java.util.concurrent.ThreadPoolExecutor.runWorker(ThreadPoolExecutor.java:1142)
	at java.util.concurrent.ThreadPoolExecutor$Worker.run(ThreadPoolExecutor.java:617)
	at java.lang.Thread.run(Thread.java:745)
17:17:52.145 WARN - Exception: no such element: Unable to locate element: {"method":"xpath","selector":"//button[contains(text(), "Yes")]"}
  (Session info: chrome=57.0.2987.133)
  (Driver info: chromedriver=2.28.455517 (2c6d2707d8ea850c862f04ac066724273981e88f),platform=Mac OS X 10.12.4 x86_64) (WARNING: The server did not provide any stacktrace information)
Command duration or timeout: 13 milliseconds
For documentation on this error, please visit: http://seleniumhq.org/exceptions/no_such_element.html
Build info: version: '3.3.1', revision: '5234b32', time: '2017-03-10 09:04:52 -0800'
System info: host: 'kevinwo01.local', ip: 'fe80:0:0:0:14e9:5c61:985:fcfd%en0', os.name: 'Mac OS X', os.arch: 'x86_64', os.version: '10.12.4', java.version: '1.8.0_102'
Driver info: org.openqa.selenium.chrome.ChromeDriver
Capabilities [{applicationCacheEnabled=false, rotatable=false, mobileEmulationEnabled=false, networkConnectionEnabled=false, chrome={chromedriverVersion=2.28.455517 (2c6d2707d8ea850c862f04ac066724273981e88f), userDataDir=/var/folders/cc/6fl2xwcd08bghq_l90t636s00000gq/T/.org.chromium.Chromium.vRAbw6}, takesHeapSnapshot=true, pageLoadStrategy=normal, databaseEnabled=false, handlesAlerts=true, hasTouchScreen=false, version=57.0.2987.133, platform=MAC, browserConnectionEnabled=false, nativeEvents=true, acceptSslCerts=true, locationContextEnabled=true, webStorageEnabled=true, browserName=chrome, takesScreenshot=true, javascriptEnabled=true, cssSelectorsEnabled=true, unexpectedAlertBehaviour=}]
Session ID: 24e864151fef949047b86eb6598ceba6
*** Element info: {Using=xpath, value=//button[contains(text(), "Yes")]}
